<?xml version="1.0" encoding="UTF-8"?>
<!-- Generated by org.testng.reporters.JUnitXMLReporter -->
<testsuite ignored="0" hostname="LNOR071186" failures="0" tests="2" name="OrderBlueJeansE2E" time="37.635" errors="0" timestamp="29 okt. 2019 09:24:53 GMT">
  <testcase classname="com.blocket.uitest.OrderBlueJeansE2E" name="E2EOrderBlueJeans" time="16.81"/>
  <testcase classname="com.blocket.uitest.OrderBlueJeansE2E" name="LoginAnnDeleteAddNewAddress" time="11.865"/>
</testsuite> <!-- OrderBlueJeansE2E -->
