<?xml version="1.0" encoding="UTF-8"?>
<testng-results ignored="0" total="2" passed="2" failed="0" skipped="0">
  <reporter-output>
  </reporter-output>
  <suite started-at="2019-10-29T09:26:47Z" name="OrderSuite" finished-at="2019-10-29T09:27:17Z" duration-ms="29796">
    <groups>
    </groups>
    <test started-at="2019-10-29T09:26:47Z" name="E2EOrderBlueJeans" finished-at="2019-10-29T09:27:17Z" duration-ms="29796">
      <class name="com.blocket.uitest.OrderBlueJeansE2E">
        <test-method is-config="true" signature="setUp(java.lang.reflect.Method, java.lang.String, java.lang.String, org.testng.ITestContext)[pri:0, instance:com.blocket.uitest.OrderBlueJeansE2E@561b6512]" started-at="2019-10-29T09:26:47Z" name="setUp" finished-at="2019-10-29T09:26:51Z" duration-ms="3881" status="PASS">
          <params>
            <param index="0">
              <value>
                <![CDATA[public void com.blocket.uitest.OrderBlueJeansE2E.E2EOrderBlueJeans(java.util.Map)]]>
              </value>
            </param>
            <param index="1">
              <value>
                <![CDATA[crhome]]>
              </value>
            </param>
            <param index="2">
              <value is-null="true"/>
            </param>
            <param index="3">
              <value>
                <![CDATA[org.testng.TestRunner@13b13b5d]]>
              </value>
            </param>
          </params>
          <reporter-output>
          </reporter-output>
        </test-method> <!-- setUp -->
        <test-method signature="E2EOrderBlueJeans(java.util.Map)[pri:0, instance:com.blocket.uitest.OrderBlueJeansE2E@561b6512]" started-at="2019-10-29T09:26:51Z" name="E2EOrderBlueJeans" data-provider="csvReader" finished-at="2019-10-29T09:27:05Z" duration-ms="14227" status="PASS">
          <params>
            <param index="0">
              <value>
                <![CDATA[{zip=41111, no=1, city=Göteborg, address2=Färjåsvägen 4, expireMonth=4, address1=Barnhusgatan 11, expectedSuccesMessage=Your order has been successfully processed!, expectedOrderMessage=Click here for order details., creditcard=Amex, password=landa1234, phoneNumber=0736223312, cvvCode=123, cardholderName=Hans Landa, billingMessage=Select a billing address from your address book or enter a new address., company=Sogeti, expireYear=2022, cardNumber=4572411440033156, username=landa@hotmail.com}]]>
              </value>
            </param>
          </params>
          <reporter-output>
          </reporter-output>
        </test-method> <!-- E2EOrderBlueJeans -->
        <test-method is-config="true" signature="tearDown()[pri:0, instance:com.blocket.uitest.OrderBlueJeansE2E@561b6512]" started-at="2019-10-29T09:27:05Z" name="tearDown" finished-at="2019-10-29T09:27:06Z" duration-ms="782" status="PASS">
          <reporter-output>
          </reporter-output>
        </test-method> <!-- tearDown -->
        <test-method is-config="true" signature="setUp(java.lang.reflect.Method, java.lang.String, java.lang.String, org.testng.ITestContext)[pri:0, instance:com.blocket.uitest.OrderBlueJeansE2E@561b6512]" started-at="2019-10-29T09:27:06Z" name="setUp" finished-at="2019-10-29T09:27:09Z" duration-ms="3199" status="PASS">
          <params>
            <param index="0">
              <value>
                <![CDATA[public void com.blocket.uitest.OrderBlueJeansE2E.LoginAnnDeleteAddNewAddress(java.util.Map)]]>
              </value>
            </param>
            <param index="1">
              <value>
                <![CDATA[crhome]]>
              </value>
            </param>
            <param index="2">
              <value is-null="true"/>
            </param>
            <param index="3">
              <value>
                <![CDATA[org.testng.TestRunner@13b13b5d]]>
              </value>
            </param>
          </params>
          <reporter-output>
          </reporter-output>
        </test-method> <!-- setUp -->
        <test-method signature="LoginAnnDeleteAddNewAddress(java.util.Map)[pri:0, instance:com.blocket.uitest.OrderBlueJeansE2E@561b6512]" started-at="2019-10-29T09:27:09Z" name="LoginAnnDeleteAddNewAddress" data-provider="csvReader" finished-at="2019-10-29T09:27:16Z" duration-ms="6796" status="PASS">
          <params>
            <param index="0">
              <value>
                <![CDATA[{zip=41111, no=1, firstname=Hans, city=Gï¿½teborg, address2=Fï¿½rjï¿½svï¿½gen 4, address1=Barnhusgatan 11, lastname=Landa, password=landa1234, phoneNumber=0736223312, succesMessage=Delete button not showing, company=Sogeti, username=landa@hotmail.com}]]>
              </value>
            </param>
          </params>
          <reporter-output>
          </reporter-output>
        </test-method> <!-- LoginAnnDeleteAddNewAddress -->
        <test-method is-config="true" signature="tearDown()[pri:0, instance:com.blocket.uitest.OrderBlueJeansE2E@561b6512]" started-at="2019-10-29T09:27:16Z" name="tearDown" finished-at="2019-10-29T09:27:17Z" duration-ms="875" status="PASS">
          <reporter-output>
          </reporter-output>
        </test-method> <!-- tearDown -->
      </class> <!-- com.blocket.uitest.OrderBlueJeansE2E -->
    </test> <!-- E2EOrderBlueJeans -->
  </suite> <!-- OrderSuite -->
</testng-results>
