<?xml version="1.0" encoding="UTF-8"?>
<testng-results ignored="0" total="2" passed="2" failed="0" skipped="0">
  <reporter-output>
  </reporter-output>
  <suite started-at="2019-10-29T12:15:59Z" name="Default suite" finished-at="2019-10-29T12:16:14Z" duration-ms="15136">
    <groups>
    </groups>
    <test started-at="2019-10-29T12:15:59Z" name="Default test" finished-at="2019-10-29T12:16:14Z" duration-ms="15136">
      <class name="com.blocket.uitest.LoginTest">
        <test-method is-config="true" signature="setUp(java.lang.reflect.Method, java.lang.String, java.lang.String, org.testng.ITestContext)[pri:0, instance:com.blocket.uitest.LoginTest@192c3f1e]" started-at="2019-10-29T12:15:59Z" name="setUp" finished-at="2019-10-29T12:16:03Z" duration-ms="4013" status="PASS">
          <params>
            <param index="0">
              <value>
                <![CDATA[public void com.blocket.uitest.LoginTest.invalidLoginTest(java.util.Map)]]>
              </value>
            </param>
            <param index="1">
              <value>
                <![CDATA[chrome]]>
              </value>
            </param>
            <param index="2">
              <value is-null="true"/>
            </param>
            <param index="3">
              <value>
                <![CDATA[org.testng.TestRunner@6eaa21d8]]>
              </value>
            </param>
          </params>
          <reporter-output>
          </reporter-output>
        </test-method> <!-- setUp -->
        <test-method signature="invalidLoginTest(java.util.Map)[pri:0, instance:com.blocket.uitest.LoginTest@192c3f1e]" started-at="2019-10-29T12:16:03Z" name="invalidLoginTest" data-provider="csvReader" finished-at="2019-10-29T12:16:05Z" duration-ms="2739" status="PASS">
          <params>
            <param index="0">
              <value>
                <![CDATA[{no=1, password=BadPassword, message=Login was unsuccessful. Please correct the errors and try again., username=invalid@hotmail.com}]]>
              </value>
            </param>
          </params>
          <reporter-output>
          </reporter-output>
        </test-method> <!-- invalidLoginTest -->
        <test-method is-config="true" signature="tearDown()[pri:0, instance:com.blocket.uitest.LoginTest@192c3f1e]" started-at="2019-10-29T12:16:05Z" name="tearDown" finished-at="2019-10-29T12:16:06Z" duration-ms="749" status="PASS">
          <reporter-output>
          </reporter-output>
        </test-method> <!-- tearDown -->
        <test-method is-config="true" signature="setUp(java.lang.reflect.Method, java.lang.String, java.lang.String, org.testng.ITestContext)[pri:0, instance:com.blocket.uitest.LoginTest@192c3f1e]" started-at="2019-10-29T12:16:06Z" name="setUp" finished-at="2019-10-29T12:16:09Z" duration-ms="3174" status="PASS">
          <params>
            <param index="0">
              <value>
                <![CDATA[public void com.blocket.uitest.LoginTest.validLoginTest(java.util.Map)]]>
              </value>
            </param>
            <param index="1">
              <value>
                <![CDATA[chrome]]>
              </value>
            </param>
            <param index="2">
              <value is-null="true"/>
            </param>
            <param index="3">
              <value>
                <![CDATA[org.testng.TestRunner@6eaa21d8]]>
              </value>
            </param>
          </params>
          <reporter-output>
          </reporter-output>
        </test-method> <!-- setUp -->
        <test-method signature="validLoginTest(java.util.Map)[pri:0, instance:com.blocket.uitest.LoginTest@192c3f1e]" started-at="2019-10-29T12:16:09Z" name="validLoginTest" data-provider="csvReader" finished-at="2019-10-29T12:16:13Z" duration-ms="3721" status="PASS">
          <params>
            <param index="0">
              <value>
                <![CDATA[{no=1, password=landa1234, username=landa@hotmail.com}]]>
              </value>
            </param>
          </params>
          <reporter-output>
          </reporter-output>
        </test-method> <!-- validLoginTest -->
        <test-method is-config="true" signature="tearDown()[pri:0, instance:com.blocket.uitest.LoginTest@192c3f1e]" started-at="2019-10-29T12:16:13Z" name="tearDown" finished-at="2019-10-29T12:16:14Z" duration-ms="686" status="PASS">
          <reporter-output>
          </reporter-output>
        </test-method> <!-- tearDown -->
      </class> <!-- com.blocket.uitest.LoginTest -->
    </test> <!-- Default test -->
  </suite> <!-- Default suite -->
</testng-results>
