<?xml version="1.0" encoding="UTF-8"?>
<!-- Generated by org.testng.reporters.JUnitXMLReporter -->
<testsuite ignored="0" hostname="LNOR071186" failures="0" tests="2" name="E2EOrderBlueJeans" time="29.796" errors="0" timestamp="29 okt. 2019 09:27:17 GMT">
  <testcase classname="com.blocket.uitest.OrderBlueJeansE2E" name="E2EOrderBlueJeans" time="14.227"/>
  <testcase classname="com.blocket.uitest.OrderBlueJeansE2E" name="LoginAnnDeleteAddNewAddress" time="6.796"/>
</testsuite> <!-- E2EOrderBlueJeans -->
