<?xml version="1.0" encoding="UTF-8"?>
<!-- Generated by org.testng.reporters.JUnitXMLReporter -->
<testsuite ignored="0" hostname="LNOR071186" failures="0" tests="2" name="LoginAnnDeleteAddNewAddress" time="34.146" errors="0" timestamp="29 okt. 2019 09:23:03 GMT">
  <testcase classname="com.blocket.uitest.OrderBlueJeansE2E" name="E2EOrderBlueJeans" time="17.791"/>
  <testcase classname="com.blocket.uitest.OrderBlueJeansE2E" name="LoginAnnDeleteAddNewAddress" time="7.561"/>
</testsuite> <!-- LoginAnnDeleteAddNewAddress -->
