<?xml version="1.0" encoding="UTF-8"?>
<!-- Generated by org.testng.reporters.JUnitXMLReporter -->
<testsuite ignored="0" hostname="LNOR071186" failures="0" tests="2" name="OrderBlueJeansE2E" time="35.336" errors="0" timestamp="29 okt. 2019 09:26:17 GMT">
  <testcase classname="com.blocket.uitest.OrderBlueJeansE2E" name="E2EOrderBlueJeans" time="19.095"/>
  <testcase classname="com.blocket.uitest.OrderBlueJeansE2E" name="LoginAnnDeleteAddNewAddress" time="7.672"/>
</testsuite> <!-- OrderBlueJeansE2E -->
